[debug] [2023-01-16T03:03:44.789Z] ----------------------------------------------------------------------
[debug] [2023-01-16T03:03:44.792Z] Command:       C:\Program Files\nodejs\node.exe C:\Users\Redline\AppData\Roaming\npm\node_modules\firebase-tools\lib\bin\firebase.js init
[debug] [2023-01-16T03:03:44.793Z] CLI Version:   11.19.0
[debug] [2023-01-16T03:03:44.793Z] Platform:      win32
[debug] [2023-01-16T03:03:44.793Z] Node Version:  v18.12.1
[debug] [2023-01-16T03:03:44.794Z] Time:          Sun Jan 15 2023 22:03:44 GMT-0500 (hora de Ecuador)
[debug] [2023-01-16T03:03:44.795Z] ----------------------------------------------------------------------
[debug] 
[debug] [2023-01-16T03:03:44.896Z] > command requires scopes: ["email","openid","https://www.googleapis.com/auth/cloudplatformprojects.readonly","https://www.googleapis.com/auth/firebase","https://www.googleapis.com/auth/cloud-platform"]
[debug] [2023-01-16T03:03:44.897Z] > authorizing via signed-in user (thefrankorios@gmail.com)
[info] 
     ######## #### ########  ######## ########     ###     ######  ########
     ##        ##  ##     ## ##       ##     ##  ##   ##  ##       ##
     ######    ##  ########  ######   ########  #########  ######  ######
     ##        ##  ##    ##  ##       ##     ## ##     ##       ## ##
     ##       #### ##     ## ######## ########  ##     ##  ######  ########

You're about to initialize a Firebase project in this directory:

  C:\Users\Redline\Desktop\MechAppWeb-2\MechAppWeb-2

Before we get started, keep in mind:

  * You are initializing within an existing Firebase project directory

